<?xml version="1.0" encoding="UTF-8"?>
<testng-results skipped="0" failed="1" total="1" passed="0">
  <reporter-output>
    <line>
      <![CDATA[Print list button is displayed in shopping list page]]>
    </line>
    <line>
      <![CDATA[Email list button is displayed in shopping list page]]>
    </line>
    <line>
      <![CDATA[Clicked add an item button in shopping list]]>
    </line>
    <line>
      <![CDATA[Products added in shopping list when items added from myitems]]>
    </line>
  </reporter-output>
  <suite name="Default suite" duration-ms="74114" started-at="2019-01-04T11:17:05Z" finished-at="2019-01-04T11:18:19Z">
    <groups>
    </groups>
    <test name="Default test" duration-ms="74114" started-at="2019-01-04T11:17:05Z" finished-at="2019-01-04T11:18:19Z">
      <class name="executableClass.Shopping_List">
        <test-method status="FAIL" signature="TC_14_EditMyItemName()[pri:6, instance:executableClass.Shopping_List@59ec2012]" name="TC_14_EditMyItemName" duration-ms="74011" started-at="2019-01-04T16:47:05Z" finished-at="2019-01-04T16:48:19Z">
          <exception class="java.lang.AssertionError">
            <message>
              <![CDATA[Error in myitems shopping list]]>
            </message>
            <full-stacktrace>
              <![CDATA[java.lang.AssertionError: Error in myitems shopping list
	at org.testng.Assert.fail(Assert.java:94)
	at computedClass.Computed_Shopping_List.Edit_ShoppingList(Computed_Shopping_List.java:990)
	at executableClass.Shopping_List.TC_14_EditMyItemName(Shopping_List.java:141)
	at sun.reflect.NativeMethodAccessorImpl.invoke0(Native Method)
	at sun.reflect.NativeMethodAccessorImpl.invoke(Unknown Source)
	at sun.reflect.DelegatingMethodAccessorImpl.invoke(Unknown Source)
	at java.lang.reflect.Method.invoke(Unknown Source)
	at org.testng.internal.MethodInvocationHelper.invokeMethod(MethodInvocationHelper.java:100)
	at org.testng.internal.Invoker.invokeMethod(Invoker.java:646)
	at org.testng.internal.Invoker.invokeTestMethod(Invoker.java:811)
	at org.testng.internal.Invoker.invokeTestMethods(Invoker.java:1129)
	at org.testng.internal.TestMethodWorker.invokeTestMethods(TestMethodWorker.java:129)
	at org.testng.internal.TestMethodWorker.run(TestMethodWorker.java:112)
	at org.testng.TestRunner.privateRun(TestRunner.java:746)
	at org.testng.TestRunner.run(TestRunner.java:600)
	at org.testng.SuiteRunner.runTest(SuiteRunner.java:366)
	at org.testng.SuiteRunner.runSequentially(SuiteRunner.java:361)
	at org.testng.SuiteRunner.privateRun(SuiteRunner.java:319)
	at org.testng.SuiteRunner.run(SuiteRunner.java:268)
	at org.testng.SuiteRunnerWorker.runSuite(SuiteRunnerWorker.java:52)
	at org.testng.SuiteRunnerWorker.run(SuiteRunnerWorker.java:86)
	at org.testng.TestNG.runSuitesSequentially(TestNG.java:1264)
	at org.testng.TestNG.runSuitesLocally(TestNG.java:1189)
	at org.testng.TestNG.runSuites(TestNG.java:1104)
	at org.testng.TestNG.run(TestNG.java:1076)
	at org.testng.remote.AbstractRemoteTestNG.run(AbstractRemoteTestNG.java:126)
	at org.testng.remote.RemoteTestNG.initAndRun(RemoteTestNG.java:150)
	at org.testng.remote.RemoteTestNG.main(RemoteTestNG.java:58)
]]>
            </full-stacktrace>
          </exception> <!-- java.lang.AssertionError -->
          <reporter-output>
            <line>
              <![CDATA[Print list button is displayed in shopping list page]]>
            </line>
            <line>
              <![CDATA[Email list button is displayed in shopping list page]]>
            </line>
            <line>
              <![CDATA[Clicked add an item button in shopping list]]>
            </line>
            <line>
              <![CDATA[Products added in shopping list when items added from myitems]]>
            </line>
          </reporter-output>
        </test-method> <!-- TC_14_EditMyItemName -->
      </class> <!-- executableClass.Shopping_List -->
    </test> <!-- Default test -->
  </suite> <!-- Default suite -->
</testng-results>
