<?xml version="1.0" encoding="UTF-8"?>
<testng-results skipped="0" failed="0" total="1" passed="1">
  <reporter-output>
    <line>
      <![CDATA[Register button clicked successfully]]>
    </line>
    <line>
      <![CDATA[PII Verification page displayed successfully]]>
    </line>
    <line>
      <![CDATA[PII Verification done successfully]]>
    </line>
    <line>
      <![CDATA[Contact info page completed successfully]]>
    </line>
    <line>
      <![CDATA[Congratulations Message is displayed correctly]]>
    </line>
    <line>
      <![CDATA[Pickup text message is displayed]]>
    </line>
    <line>
      <![CDATA[fuel rewards url is correct]]>
    </line>
    <line>
      <![CDATA[not pickedup text is displayed]]>
    </line>
  </reporter-output>
  <suite name="Default suite" duration-ms="152202" started-at="2018-12-19T11:50:45Z" finished-at="2018-12-19T11:53:17Z">
    <groups>
    </groups>
    <test name="Default test" duration-ms="152202" started-at="2018-12-19T11:50:45Z" finished-at="2018-12-19T11:53:17Z">
      <class name="executableClass.Fully_Enrolled_Customers_Flow">
        <test-method status="PASS" signature="TC003_EnrollNewProgram_Phonenumber_VerifybyPII()[pri:1, instance:executableClass.Fully_Enrolled_Customers_Flow@42dafa95]" name="TC003_EnrollNewProgram_Phonenumber_VerifybyPII" duration-ms="152132" started-at="2018-12-19T17:20:45Z" finished-at="2018-12-19T17:23:17Z">
          <reporter-output>
            <line>
              <![CDATA[Register button clicked successfully]]>
            </line>
            <line>
              <![CDATA[PII Verification page displayed successfully]]>
            </line>
            <line>
              <![CDATA[PII Verification done successfully]]>
            </line>
            <line>
              <![CDATA[Contact info page completed successfully]]>
            </line>
            <line>
              <![CDATA[Congratulations Message is displayed correctly]]>
            </line>
            <line>
              <![CDATA[Pickup text message is displayed]]>
            </line>
            <line>
              <![CDATA[fuel rewards url is correct]]>
            </line>
            <line>
              <![CDATA[not pickedup text is displayed]]>
            </line>
          </reporter-output>
        </test-method> <!-- TC003_EnrollNewProgram_Phonenumber_VerifybyPII -->
      </class> <!-- executableClass.Fully_Enrolled_Customers_Flow -->
    </test> <!-- Default test -->
  </suite> <!-- Default suite -->
</testng-results>
