<?xml version="1.0" encoding="UTF-8"?>
<testng-results skipped="0" failed="1" total="1" passed="0">
  <reporter-output>
  </reporter-output>
  <suite name="SEG Roadrunner" duration-ms="27301" started-at="2018-12-04T11:58:36Z" finished-at="2018-12-04T11:59:03Z">
    <groups>
    </groups>
    <test name="SoftLogin__Chrome" duration-ms="27301" started-at="2018-12-04T11:58:36Z" finished-at="2018-12-04T11:59:03Z">
      <class name="executableClass.SoftLogin">
        <test-method status="FAIL" signature="TC003_SoftLogin_loggedout_user()[pri:3, instance:executableClass.SoftLogin@1ed4004b]" name="TC003_SoftLogin_loggedout_user" duration-ms="27189" started-at="2018-12-04T17:28:36Z" finished-at="2018-12-04T17:29:03Z">
          <exception class="org.openqa.selenium.NoSuchFrameException">
            <message>
              <![CDATA[No frame element found by name or id Fancybox-frame
Build info: version: 'unknown', revision: 'unknown', time: 'unknown'
System info: host: 'VDI-HDQ-0027', ip: '10.211.4.91', os.name: 'Windows 8.1', os.arch: 'amd64', os.version: '6.3', java.version: '1.8.0_45'
Driver info: driver.version: unknown]]>
            </message>
            <full-stacktrace>
              <![CDATA[org.openqa.selenium.NoSuchFrameException: No frame element found by name or id Fancybox-frame
Build info: version: 'unknown', revision: 'unknown', time: 'unknown'
System info: host: 'VDI-HDQ-0027', ip: '10.211.4.91', os.name: 'Windows 8.1', os.arch: 'amd64', os.version: '6.3', java.version: '1.8.0_45'
Driver info: driver.version: unknown
	at org.openqa.selenium.remote.RemoteWebDriver$RemoteTargetLocator.frame(RemoteWebDriver.java:930)
	at executableClass.SoftLogin.TC003_SoftLogin_loggedout_user(SoftLogin.java:81)
	at sun.reflect.NativeMethodAccessorImpl.invoke0(Native Method)
	at sun.reflect.NativeMethodAccessorImpl.invoke(Unknown Source)
	at sun.reflect.DelegatingMethodAccessorImpl.invoke(Unknown Source)
	at java.lang.reflect.Method.invoke(Unknown Source)
	at org.testng.internal.MethodInvocationHelper.invokeMethod(MethodInvocationHelper.java:100)
	at org.testng.internal.Invoker.invokeMethod(Invoker.java:646)
	at org.testng.internal.Invoker.invokeTestMethod(Invoker.java:811)
	at org.testng.internal.Invoker.invokeTestMethods(Invoker.java:1129)
	at org.testng.internal.TestMethodWorker.invokeTestMethods(TestMethodWorker.java:129)
	at org.testng.internal.TestMethodWorker.run(TestMethodWorker.java:112)
	at org.testng.TestRunner.privateRun(TestRunner.java:746)
	at org.testng.TestRunner.run(TestRunner.java:600)
	at org.testng.SuiteRunner.runTest(SuiteRunner.java:366)
	at org.testng.SuiteRunner.runSequentially(SuiteRunner.java:361)
	at org.testng.SuiteRunner.privateRun(SuiteRunner.java:319)
	at org.testng.SuiteRunner.run(SuiteRunner.java:268)
	at org.testng.SuiteRunnerWorker.runSuite(SuiteRunnerWorker.java:52)
	at org.testng.SuiteRunnerWorker.run(SuiteRunnerWorker.java:86)
	at org.testng.TestNG.runSuitesSequentially(TestNG.java:1264)
	at org.testng.TestNG.runSuitesLocally(TestNG.java:1189)
	at org.testng.TestNG.runSuites(TestNG.java:1104)
	at org.testng.TestNG.run(TestNG.java:1076)
	at org.testng.remote.AbstractRemoteTestNG.run(AbstractRemoteTestNG.java:126)
	at org.testng.remote.RemoteTestNG.initAndRun(RemoteTestNG.java:150)
	at org.testng.remote.RemoteTestNG.main(RemoteTestNG.java:58)
]]>
            </full-stacktrace>
          </exception> <!-- org.openqa.selenium.NoSuchFrameException -->
          <reporter-output>
          </reporter-output>
        </test-method> <!-- TC003_SoftLogin_loggedout_user -->
      </class> <!-- executableClass.SoftLogin -->
    </test> <!-- SoftLogin__Chrome -->
  </suite> <!-- SEG Roadrunner -->
</testng-results>
