<?xml version="1.0" encoding="UTF-8"?>
<testng-results skipped="0" failed="0" total="2" passed="2">
  <reporter-output>
    <line>
      <![CDATA[Logged in successfully using SoftLogin]]>
    </line>
    <line>
      <![CDATA[Contactinfo page is displayed for preenrolled user through softlogin by clicking one quick thing button]]>
    </line>
  </reporter-output>
  <suite name="SEG Roadrunner" duration-ms="96408" started-at="2018-12-07T06:54:53Z" finished-at="2018-12-07T06:56:30Z">
    <groups>
    </groups>
    <test name="User_Status_After_SoftLogin__Chrome" duration-ms="96408" started-at="2018-12-07T06:54:53Z" finished-at="2018-12-07T06:56:30Z">
      <class name="executableClass.User_Status_After_SoftLogin">
        <test-method status="PASS" signature="TC001_Soft_login_fully_enrolled_user()[pri:1, instance:executableClass.User_Status_After_SoftLogin@1ed4004b]" name="TC001_Soft_login_fully_enrolled_user" duration-ms="54517" started-at="2018-12-07T12:24:53Z" finished-at="2018-12-07T12:25:48Z">
          <reporter-output>
            <line>
              <![CDATA[Logged in successfully using SoftLogin]]>
            </line>
          </reporter-output>
        </test-method> <!-- TC001_Soft_login_fully_enrolled_user -->
        <test-method status="PASS" signature="TC002_Soft_login_Pre_enrolled_user()[pri:2, instance:executableClass.User_Status_After_SoftLogin@1ed4004b]" name="TC002_Soft_login_Pre_enrolled_user" duration-ms="41853" started-at="2018-12-07T12:25:48Z" finished-at="2018-12-07T12:26:30Z">
          <reporter-output>
            <line>
              <![CDATA[Contactinfo page is displayed for preenrolled user through softlogin by clicking one quick thing button]]>
            </line>
          </reporter-output>
        </test-method> <!-- TC002_Soft_login_Pre_enrolled_user -->
      </class> <!-- executableClass.User_Status_After_SoftLogin -->
    </test> <!-- User_Status_After_SoftLogin__Chrome -->
  </suite> <!-- SEG Roadrunner -->
</testng-results>
