<?xml version="1.0" encoding="UTF-8"?>
<testng-results skipped="0" failed="1" total="1" passed="0">
  <reporter-output>
    <line>
      <![CDATA[Logged in successfully ]]>
    </line>
    <line>
      <![CDATA[Print list button is displayed in shopping list page]]>
    </line>
    <line>
      <![CDATA[Email list button is displayed in shopping list page]]>
    </line>
    <line>
      <![CDATA[Clicked add an item button in shopping list]]>
    </line>
    <line>
      <![CDATA[Products added in shopping list when items added from myitems]]>
    </line>
    <line>
      <![CDATA[Print list button is displayed in shopping list page]]>
    </line>
    <line>
      <![CDATA[Email list button is displayed in shopping list page]]>
    </line>
    <line>
      <![CDATA[Clicked delete icon in shopping list for myitems]]>
    </line>
  </reporter-output>
  <suite name="Default suite" duration-ms="111311" started-at="2019-01-03T10:41:44Z" finished-at="2019-01-03T10:43:36Z">
    <groups>
    </groups>
    <test name="Default test" duration-ms="111311" started-at="2019-01-03T10:41:44Z" finished-at="2019-01-03T10:43:36Z">
      <class name="executableClass.Shopping_List">
        <test-method status="FAIL" signature="TC_06_Shopping_List_Remove_item_MyItems()[pri:4, instance:executableClass.Shopping_List@59ec2012]" name="TC_06_Shopping_List_Remove_item_MyItems" duration-ms="111222" started-at="2019-01-03T16:11:44Z" finished-at="2019-01-03T16:13:36Z">
          <exception class="java.lang.AssertionError">
            <message>
              <![CDATA[Products are displaying in shoppinglist when items removed from myitems]]>
            </message>
            <full-stacktrace>
              <![CDATA[java.lang.AssertionError: Products are displaying in shoppinglist when items removed from myitems
	at org.testng.Assert.fail(Assert.java:94)
	at computedClass.Computed_Shopping_List.Check_MyItems_ShoppingList(Computed_Shopping_List.java:738)
	at executableClass.Shopping_List.TC_06_Shopping_List_Remove_item_MyItems(Shopping_List.java:97)
	at sun.reflect.NativeMethodAccessorImpl.invoke0(Native Method)
	at sun.reflect.NativeMethodAccessorImpl.invoke(Unknown Source)
	at sun.reflect.DelegatingMethodAccessorImpl.invoke(Unknown Source)
	at java.lang.reflect.Method.invoke(Unknown Source)
	at org.testng.internal.MethodInvocationHelper.invokeMethod(MethodInvocationHelper.java:100)
	at org.testng.internal.Invoker.invokeMethod(Invoker.java:646)
	at org.testng.internal.Invoker.invokeTestMethod(Invoker.java:811)
	at org.testng.internal.Invoker.invokeTestMethods(Invoker.java:1129)
	at org.testng.internal.TestMethodWorker.invokeTestMethods(TestMethodWorker.java:129)
	at org.testng.internal.TestMethodWorker.run(TestMethodWorker.java:112)
	at org.testng.TestRunner.privateRun(TestRunner.java:746)
	at org.testng.TestRunner.run(TestRunner.java:600)
	at org.testng.SuiteRunner.runTest(SuiteRunner.java:366)
	at org.testng.SuiteRunner.runSequentially(SuiteRunner.java:361)
	at org.testng.SuiteRunner.privateRun(SuiteRunner.java:319)
	at org.testng.SuiteRunner.run(SuiteRunner.java:268)
	at org.testng.SuiteRunnerWorker.runSuite(SuiteRunnerWorker.java:52)
	at org.testng.SuiteRunnerWorker.run(SuiteRunnerWorker.java:86)
	at org.testng.TestNG.runSuitesSequentially(TestNG.java:1264)
	at org.testng.TestNG.runSuitesLocally(TestNG.java:1189)
	at org.testng.TestNG.runSuites(TestNG.java:1104)
	at org.testng.TestNG.run(TestNG.java:1076)
	at org.testng.remote.AbstractRemoteTestNG.run(AbstractRemoteTestNG.java:126)
	at org.testng.remote.RemoteTestNG.initAndRun(RemoteTestNG.java:150)
	at org.testng.remote.RemoteTestNG.main(RemoteTestNG.java:58)
]]>
            </full-stacktrace>
          </exception> <!-- java.lang.AssertionError -->
          <reporter-output>
            <line>
              <![CDATA[Logged in successfully ]]>
            </line>
            <line>
              <![CDATA[Print list button is displayed in shopping list page]]>
            </line>
            <line>
              <![CDATA[Email list button is displayed in shopping list page]]>
            </line>
            <line>
              <![CDATA[Clicked add an item button in shopping list]]>
            </line>
            <line>
              <![CDATA[Products added in shopping list when items added from myitems]]>
            </line>
            <line>
              <![CDATA[Print list button is displayed in shopping list page]]>
            </line>
            <line>
              <![CDATA[Email list button is displayed in shopping list page]]>
            </line>
            <line>
              <![CDATA[Clicked delete icon in shopping list for myitems]]>
            </line>
          </reporter-output>
        </test-method> <!-- TC_06_Shopping_List_Remove_item_MyItems -->
      </class> <!-- executableClass.Shopping_List -->
    </test> <!-- Default test -->
  </suite> <!-- Default suite -->
</testng-results>
