<?xml version="1.0" encoding="UTF-8"?>
<testng-results skipped="0" failed="0" total="1" passed="1">
  <reporter-output>
    <line>
      <![CDATA[Logged in successfully ]]>
    </line>
    <line>
      <![CDATA[Locate a store near you button is displayed]]>
    </line>
    <line>
      <![CDATA[Please select a store near to view weekly ads text is displayed]]>
    </line>
    <line>
      <![CDATA[Added products are highlighted in Red color]]>
    </line>
    <line>
      <![CDATA[Product added from circular page]]>
    </line>
    <line>
      <![CDATA[View Deals Button is displayed]]>
    </line>
    <line>
      <![CDATA[Items added once cannot add the same item again in overlay as expected]]>
    </line>
    <line>
      <![CDATA[Items added once cannot add the same item again as expected]]>
    </line>
  </reporter-output>
  <suite name="Default suite" duration-ms="97842" started-at="2018-12-28T09:44:21Z" finished-at="2018-12-28T09:45:59Z">
    <groups>
    </groups>
    <test name="Default test" duration-ms="97842" started-at="2018-12-28T09:44:21Z" finished-at="2018-12-28T09:45:59Z">
      <class name="executableClass.Weekly_Ad">
        <test-method status="PASS" signature="TC03_Add_items_to_list_VIEW_DETAILS_button_add_item_again()[pri:2, instance:executableClass.Weekly_Ad@59ec2012]" name="TC03_Add_items_to_list_VIEW_DETAILS_button_add_item_again" duration-ms="97775" started-at="2018-12-28T15:14:21Z" finished-at="2018-12-28T15:15:59Z">
          <reporter-output>
            <line>
              <![CDATA[Logged in successfully ]]>
            </line>
            <line>
              <![CDATA[Locate a store near you button is displayed]]>
            </line>
            <line>
              <![CDATA[Please select a store near to view weekly ads text is displayed]]>
            </line>
            <line>
              <![CDATA[Added products are highlighted in Red color]]>
            </line>
            <line>
              <![CDATA[Product added from circular page]]>
            </line>
            <line>
              <![CDATA[View Deals Button is displayed]]>
            </line>
            <line>
              <![CDATA[Items added once cannot add the same item again in overlay as expected]]>
            </line>
            <line>
              <![CDATA[Items added once cannot add the same item again as expected]]>
            </line>
          </reporter-output>
        </test-method> <!-- TC03_Add_items_to_list_VIEW_DETAILS_button_add_item_again -->
      </class> <!-- executableClass.Weekly_Ad -->
    </test> <!-- Default test -->
  </suite> <!-- Default suite -->
</testng-results>
