<?xml version="1.0" encoding="UTF-8"?>
<testng-results skipped="0" failed="1" total="1" passed="0">
  <reporter-output>
    <line>
      <![CDATA[Logged in successfully ]]>
    </line>
    <line>
      <![CDATA[Locate a store near you button is displayed]]>
    </line>
    <line>
      <![CDATA[Please select a store near to view weekly ads text is displayed]]>
    </line>
    <line>
      <![CDATA[Added products are highlighted in Red color]]>
    </line>
    <line>
      <![CDATA[Product added from overlay page]]>
    </line>
  </reporter-output>
  <suite name="Default suite" duration-ms="99481" started-at="2019-01-07T13:09:35Z" finished-at="2019-01-07T13:11:14Z">
    <groups>
    </groups>
    <test name="Default test" duration-ms="99481" started-at="2019-01-07T13:09:35Z" finished-at="2019-01-07T13:11:14Z">
      <class name="executableClass.Shopping_List">
        <test-method status="FAIL" signature="TC_11_Shopping_List_Edit_weekly_circular_quantity_number_Valid_Value()[pri:6, instance:executableClass.Shopping_List@59ec2012]" name="TC_11_Shopping_List_Edit_weekly_circular_quantity_number_Valid_Value" duration-ms="99270" started-at="2019-01-07T18:39:35Z" finished-at="2019-01-07T18:41:14Z">
          <exception class="java.lang.AssertionError">
            <message>
              <![CDATA[Error in shopping list]]>
            </message>
            <full-stacktrace>
              <![CDATA[java.lang.AssertionError: Error in shopping list
	at org.testng.Assert.fail(Assert.java:94)
	at computedClass.Computed_Shopping_List.Edit_ShoppingList(Computed_Shopping_List.java:1066)
	at executableClass.Shopping_List.TC_11_Shopping_List_Edit_weekly_circular_quantity_number_Valid_Value(Shopping_List.java:143)
	at sun.reflect.NativeMethodAccessorImpl.invoke0(Native Method)
	at sun.reflect.NativeMethodAccessorImpl.invoke(Unknown Source)
	at sun.reflect.DelegatingMethodAccessorImpl.invoke(Unknown Source)
	at java.lang.reflect.Method.invoke(Unknown Source)
	at org.testng.internal.MethodInvocationHelper.invokeMethod(MethodInvocationHelper.java:100)
	at org.testng.internal.Invoker.invokeMethod(Invoker.java:646)
	at org.testng.internal.Invoker.invokeTestMethod(Invoker.java:811)
	at org.testng.internal.Invoker.invokeTestMethods(Invoker.java:1129)
	at org.testng.internal.TestMethodWorker.invokeTestMethods(TestMethodWorker.java:129)
	at org.testng.internal.TestMethodWorker.run(TestMethodWorker.java:112)
	at org.testng.TestRunner.privateRun(TestRunner.java:746)
	at org.testng.TestRunner.run(TestRunner.java:600)
	at org.testng.SuiteRunner.runTest(SuiteRunner.java:366)
	at org.testng.SuiteRunner.runSequentially(SuiteRunner.java:361)
	at org.testng.SuiteRunner.privateRun(SuiteRunner.java:319)
	at org.testng.SuiteRunner.run(SuiteRunner.java:268)
	at org.testng.SuiteRunnerWorker.runSuite(SuiteRunnerWorker.java:52)
	at org.testng.SuiteRunnerWorker.run(SuiteRunnerWorker.java:86)
	at org.testng.TestNG.runSuitesSequentially(TestNG.java:1264)
	at org.testng.TestNG.runSuitesLocally(TestNG.java:1189)
	at org.testng.TestNG.runSuites(TestNG.java:1104)
	at org.testng.TestNG.run(TestNG.java:1076)
	at org.testng.remote.AbstractRemoteTestNG.run(AbstractRemoteTestNG.java:126)
	at org.testng.remote.RemoteTestNG.initAndRun(RemoteTestNG.java:150)
	at org.testng.remote.RemoteTestNG.main(RemoteTestNG.java:58)
]]>
            </full-stacktrace>
          </exception> <!-- java.lang.AssertionError -->
          <reporter-output>
            <line>
              <![CDATA[Logged in successfully ]]>
            </line>
            <line>
              <![CDATA[Locate a store near you button is displayed]]>
            </line>
            <line>
              <![CDATA[Please select a store near to view weekly ads text is displayed]]>
            </line>
            <line>
              <![CDATA[Added products are highlighted in Red color]]>
            </line>
            <line>
              <![CDATA[Product added from overlay page]]>
            </line>
          </reporter-output>
        </test-method> <!-- TC_11_Shopping_List_Edit_weekly_circular_quantity_number_Valid_Value -->
      </class> <!-- executableClass.Shopping_List -->
    </test> <!-- Default test -->
  </suite> <!-- Default suite -->
</testng-results>
