<?xml version="1.0" encoding="UTF-8"?>
<testng-results skipped="0" failed="0" total="1" passed="1">
  <reporter-output>
    <line>
      <![CDATA[On clicking Login button,Soft login modal is displayed]]>
    </line>
  </reporter-output>
  <suite name="Default suite" duration-ms="113423" started-at="2018-12-20T10:46:14Z" finished-at="2018-12-20T10:48:07Z">
    <groups>
    </groups>
    <test name="Default test" duration-ms="113423" started-at="2018-12-20T10:46:14Z" finished-at="2018-12-20T10:48:07Z">
      <class name="executableClass.SoftLogin">
        <test-method status="PASS" signature="TC003_SoftLogin_loggedout_user()[pri:3, instance:executableClass.SoftLogin@42dafa95]" name="TC003_SoftLogin_loggedout_user" duration-ms="113350" started-at="2018-12-20T16:16:14Z" finished-at="2018-12-20T16:18:07Z">
          <reporter-output>
            <line>
              <![CDATA[On clicking Login button,Soft login modal is displayed]]>
            </line>
          </reporter-output>
        </test-method> <!-- TC003_SoftLogin_loggedout_user -->
      </class> <!-- executableClass.SoftLogin -->
    </test> <!-- Default test -->
  </suite> <!-- Default suite -->
</testng-results>
